#! /c/Source/iverilog-install/bin/vvp
:ivl_version "12.0 (devel)" "(s20150603-1539-g2693dd32b)";
:ivl_delay_selection "TYPICAL";
:vpi_time_precision - 12;
:vpi_module "C:\iverilog\lib\ivl\system.vpi";
:vpi_module "C:\iverilog\lib\ivl\vhdl_sys.vpi";
:vpi_module "C:\iverilog\lib\ivl\vhdl_textio.vpi";
:vpi_module "C:\iverilog\lib\ivl\v2005_math.vpi";
:vpi_module "C:\iverilog\lib\ivl\va_math.vpi";
:vpi_module "C:\iverilog\lib\ivl\v2009.vpi";
S_000002c7ed902070 .scope package, "$unit" "$unit" 2 1;
 .timescale 0 0;
S_000002c7ed918e50 .scope module, "tb_apb_uart" "tb_apb_uart" 3 3;
 .timescale -9 -12;
v000002c7ed97c430_0 .var "PADDR", 7 0;
v000002c7ed97aa90_0 .var "PCLK", 0 0;
v000002c7ed97a950_0 .var "PENABLE", 0 0;
v000002c7ed97b7b0_0 .net "PRDATA", 31 0, v000002c7ed979da0_0;  1 drivers
v000002c7ed97ad10_0 .var "PRESETn", 0 0;
v000002c7ed97b2b0_0 .var "PSEL", 0 0;
v000002c7ed97b5d0_0 .var "PWDATA", 31 0;
v000002c7ed97b3f0_0 .var "PWRITE", 0 0;
v000002c7ed97c390_0 .var "uart_rx", 0 0;
v000002c7ed97b670_0 .net "uart_tx", 0 0, v000002c7ed97a480_0;  1 drivers
S_000002c7ed918fe0 .scope task, "apb_write" "apb_write" 3 30, 3 30 0, S_000002c7ed918e50;
 .timescale -9 -12;
v000002c7ed8d2b90_0 .var "addr", 7 0;
v000002c7ed904730_0 .var "data", 31 0;
TD_tb_apb_uart.apb_write ;
    %pushi/vec4 1, 0, 1;
    %store/vec4 v000002c7ed97b2b0_0, 0, 1;
    %pushi/vec4 1, 0, 1;
    %store/vec4 v000002c7ed97b3f0_0, 0, 1;
    %pushi/vec4 0, 0, 1;
    %store/vec4 v000002c7ed97a950_0, 0, 1;
    %load/vec4 v000002c7ed8d2b90_0;
    %store/vec4 v000002c7ed97c430_0, 0, 8;
    %load/vec4 v000002c7ed904730_0;
    %store/vec4 v000002c7ed97b5d0_0, 0, 32;
    %delay 10000, 0;
    %pushi/vec4 1, 0, 1;
    %store/vec4 v000002c7ed97a950_0, 0, 1;
    %delay 10000, 0;
    %pushi/vec4 0, 0, 1;
    %store/vec4 v000002c7ed97b2b0_0, 0, 1;
    %pushi/vec4 0, 0, 1;
    %store/vec4 v000002c7ed97a950_0, 0, 1;
    %end;
S_000002c7ed90c1c0 .scope module, "dut" "apb_uart" 3 16, 4 1 0, S_000002c7ed918e50;
 .timescale 0 0;
    .port_info 0 /INPUT 1 "PCLK";
    .port_info 1 /INPUT 1 "PRESETn";
    .port_info 2 /INPUT 1 "PSEL";
    .port_info 3 /INPUT 1 "PENABLE";
    .port_info 4 /INPUT 1 "PWRITE";
    .port_info 5 /INPUT 8 "PADDR";
    .port_info 6 /INPUT 32 "PWDATA";
    .port_info 7 /OUTPUT 32 "PRDATA";
    .port_info 8 /OUTPUT 1 "PREADY";
    .port_info 9 /OUTPUT 1 "uart_tx";
    .port_info 10 /INPUT 1 "uart_rx";
v000002c7ed97a700_0 .net "PADDR", 7 0, v000002c7ed97c430_0;  1 drivers
v000002c7ed979e40_0 .net "PCLK", 0 0, v000002c7ed97aa90_0;  1 drivers
v000002c7ed979a80_0 .net "PENABLE", 0 0, v000002c7ed97a950_0;  1 drivers
v000002c7ed979da0_0 .var "PRDATA", 31 0;
L_000002c7ed9c0088 .functor BUFT 1, C4<1>, C4<0>, C4<0>, C4<0>;
v000002c7ed979ee0_0 .net "PREADY", 0 0, L_000002c7ed9c0088;  1 drivers
v000002c7ed97bd50_0 .net "PRESETn", 0 0, v000002c7ed97ad10_0;  1 drivers
v000002c7ed97bcb0_0 .net "PSEL", 0 0, v000002c7ed97b2b0_0;  1 drivers
v000002c7ed97b0d0_0 .net "PWDATA", 31 0, v000002c7ed97b5d0_0;  1 drivers
v000002c7ed97bdf0_0 .net "PWRITE", 0 0, v000002c7ed97b3f0_0;  1 drivers
v000002c7ed97b490_0 .var "baud_div", 15 0;
v000002c7ed97be90_0 .var "ctrl_en", 0 0;
v000002c7ed97c750_0 .net "rx_data", 7 0, v000002c7ed8d25b0_0;  1 drivers
v000002c7ed97c250_0 .var "rx_reg", 7 0;
v000002c7ed97b8f0_0 .net "rx_valid", 0 0, v000002c7ed8d2650_0;  1 drivers
v000002c7ed97b530_0 .var "rx_valid_reg", 0 0;
v000002c7ed97bf30_0 .net "tx_busy", 0 0, v000002c7ed979f80_0;  1 drivers
v000002c7ed97abd0_0 .var "tx_start", 0 0;
v000002c7ed97c110_0 .net "uart_rx", 0 0, v000002c7ed97c390_0;  1 drivers
v000002c7ed97af90_0 .net "uart_tx", 0 0, v000002c7ed97a480_0;  alias, 1 drivers
E_000002c7ed927570/0 .event anyedge, v000002c7ed97bcb0_0, v000002c7ed97bdf0_0, v000002c7ed97a700_0, v000002c7ed97c250_0;
E_000002c7ed927570/1 .event anyedge, v000002c7ed97b530_0, v000002c7ed979f80_0;
E_000002c7ed927570 .event/or E_000002c7ed927570/0, E_000002c7ed927570/1;
L_000002c7ed97b710 .part v000002c7ed97b5d0_0, 0, 8;
S_000002c7ed90c350 .scope module, "uart" "uart_top" 4 27, 5 1 0, S_000002c7ed90c1c0;
 .timescale 0 0;
    .port_info 0 /INPUT 1 "clk";
    .port_info 1 /INPUT 1 "rst_n";
    .port_info 2 /INPUT 1 "tx_start";
    .port_info 3 /INPUT 8 "tx_data";
    .port_info 4 /INPUT 16 "baud_div";
    .port_info 5 /OUTPUT 1 "tx";
    .port_info 6 /OUTPUT 1 "tx_busy";
    .port_info 7 /INPUT 1 "rx";
    .port_info 8 /OUTPUT 8 "rx_data";
    .port_info 9 /OUTPUT 1 "rx_valid";
v000002c7ed97a0c0_0 .net "baud_div", 15 0, v000002c7ed97b490_0;  1 drivers
v000002c7ed97a660_0 .net "clk", 0 0, v000002c7ed97aa90_0;  alias, 1 drivers
v000002c7ed97a200_0 .net "rst_n", 0 0, v000002c7ed97ad10_0;  alias, 1 drivers
v000002c7ed97a020_0 .net "rx", 0 0, v000002c7ed97c390_0;  alias, 1 drivers
v000002c7ed979940_0 .net "rx_data", 7 0, v000002c7ed8d25b0_0;  alias, 1 drivers
v000002c7ed97a840_0 .net "rx_valid", 0 0, v000002c7ed8d2650_0;  alias, 1 drivers
v000002c7ed97a160_0 .net "tx", 0 0, v000002c7ed97a480_0;  alias, 1 drivers
v000002c7ed9799e0_0 .net "tx_busy", 0 0, v000002c7ed979f80_0;  alias, 1 drivers
v000002c7ed97a5c0_0 .net "tx_data", 7 0, L_000002c7ed97b710;  1 drivers
v000002c7ed979d00_0 .net "tx_start", 0 0, v000002c7ed97abd0_0;  1 drivers
S_000002c7ed920e90 .scope module, "u_rx" "uart_rx" 5 24, 6 1 0, S_000002c7ed90c350;
 .timescale 0 0;
    .port_info 0 /INPUT 1 "clk";
    .port_info 1 /INPUT 1 "rst_n";
    .port_info 2 /INPUT 1 "rx";
    .port_info 3 /INPUT 16 "baud_div";
    .port_info 4 /OUTPUT 8 "rx_data";
    .port_info 5 /OUTPUT 1 "rx_valid";
v000002c7ed90c590_0 .var "baud_cnt", 15 0;
v000002c7ed919170_0 .net "baud_div", 15 0, v000002c7ed97b490_0;  alias, 1 drivers
v000002c7ed919210_0 .var "bit_cnt", 3 0;
v000002c7ed921020_0 .net "clk", 0 0, v000002c7ed97aa90_0;  alias, 1 drivers
v000002c7ed9210c0_0 .var "data_reg", 7 0;
v000002c7ed921160_0 .var "receiving", 0 0;
v000002c7ed921200_0 .net "rst_n", 0 0, v000002c7ed97ad10_0;  alias, 1 drivers
v000002c7ed8d2510_0 .net "rx", 0 0, v000002c7ed97c390_0;  alias, 1 drivers
v000002c7ed8d25b0_0 .var "rx_data", 7 0;
v000002c7ed8d2650_0 .var "rx_valid", 0 0;
E_000002c7ed9275f0/0 .event negedge, v000002c7ed921200_0;
E_000002c7ed9275f0/1 .event posedge, v000002c7ed921020_0;
E_000002c7ed9275f0 .event/or E_000002c7ed9275f0/0, E_000002c7ed9275f0/1;
S_000002c7ed8d26f0 .scope module, "u_tx" "uart_tx" 5 14, 7 1 0, S_000002c7ed90c350;
 .timescale 0 0;
    .port_info 0 /INPUT 1 "clk";
    .port_info 1 /INPUT 1 "rst_n";
    .port_info 2 /INPUT 1 "tx_start";
    .port_info 3 /INPUT 8 "tx_data";
    .port_info 4 /INPUT 16 "baud_div";
    .port_info 5 /OUTPUT 1 "tx";
    .port_info 6 /OUTPUT 1 "tx_busy";
v000002c7ed97a2a0_0 .var "baud_cnt", 15 0;
v000002c7ed979b20_0 .net "baud_div", 15 0, v000002c7ed97b490_0;  alias, 1 drivers
v000002c7ed979bc0_0 .var "bit_cnt", 3 0;
v000002c7ed97a340_0 .net "clk", 0 0, v000002c7ed97aa90_0;  alias, 1 drivers
v000002c7ed97a3e0_0 .net "rst_n", 0 0, v000002c7ed97ad10_0;  alias, 1 drivers
v000002c7ed979c60_0 .var "shift_reg", 9 0;
v000002c7ed97a480_0 .var "tx", 0 0;
v000002c7ed979f80_0 .var "tx_busy", 0 0;
v000002c7ed97a520_0 .net "tx_data", 7 0, L_000002c7ed97b710;  alias, 1 drivers
v000002c7ed97a7a0_0 .net "tx_start", 0 0, v000002c7ed97abd0_0;  alias, 1 drivers
    .scope S_000002c7ed8d26f0;
T_1 ;
    %wait E_000002c7ed9275f0;
    %load/vec4 v000002c7ed97a3e0_0;
    %nor/r;
    %flag_set/vec4 8;
    %jmp/0xz  T_1.0, 8;
    %pushi/vec4 1, 0, 1;
    %assign/vec4 v000002c7ed97a480_0, 0;
    %pushi/vec4 0, 0, 1;
    %assign/vec4 v000002c7ed979f80_0, 0;
    %pushi/vec4 0, 0, 4;
    %assign/vec4 v000002c7ed979bc0_0, 0;
    %pushi/vec4 0, 0, 16;
    %assign/vec4 v000002c7ed97a2a0_0, 0;
    %pushi/vec4 1023, 0, 10;
    %assign/vec4 v000002c7ed979c60_0, 0;
    %jmp T_1.1;
T_1.0 ;
    %load/vec4 v000002c7ed97a7a0_0;
    %flag_set/vec4 9;
    %flag_get/vec4 9;
    %jmp/0 T_1.4, 9;
    %load/vec4 v000002c7ed979f80_0;
    %nor/r;
    %and;
T_1.4;
    %flag_set/vec4 8;
    %jmp/0xz  T_1.2, 8;
    %pushi/vec4 1, 0, 1;
    %load/vec4 v000002c7ed97a520_0;
    %concat/vec4; draw_concat_vec4
    %concati/vec4 0, 0, 1;
    %assign/vec4 v000002c7ed979c60_0, 0;
    %pushi/vec4 1, 0, 1;
    %assign/vec4 v000002c7ed979f80_0, 0;
    %pushi/vec4 0, 0, 4;
    %assign/vec4 v000002c7ed979bc0_0, 0;
    %pushi/vec4 0, 0, 16;
    %assign/vec4 v000002c7ed97a2a0_0, 0;
    %jmp T_1.3;
T_1.2 ;
    %load/vec4 v000002c7ed979f80_0;
    %flag_set/vec4 8;
    %jmp/0xz  T_1.5, 8;
    %load/vec4 v000002c7ed97a2a0_0;
    %pad/u 32;
    %load/vec4 v000002c7ed979b20_0;
    %pad/u 32;
    %subi 1, 0, 32;
    %cmp/e;
    %jmp/0xz  T_1.7, 4;
    %pushi/vec4 0, 0, 16;
    %assign/vec4 v000002c7ed97a2a0_0, 0;
    %load/vec4 v000002c7ed979c60_0;
    %parti/s 1, 0, 2;
    %assign/vec4 v000002c7ed97a480_0, 0;
    %pushi/vec4 1, 0, 1;
    %load/vec4 v000002c7ed979c60_0;
    %parti/s 9, 1, 2;
    %concat/vec4; draw_concat_vec4
    %assign/vec4 v000002c7ed979c60_0, 0;
    %load/vec4 v000002c7ed979bc0_0;
    %addi 1, 0, 4;
    %assign/vec4 v000002c7ed979bc0_0, 0;
    %load/vec4 v000002c7ed979bc0_0;
    %pad/u 32;
    %cmpi/e 9, 0, 32;
    %jmp/0xz  T_1.9, 4;
    %pushi/vec4 0, 0, 1;
    %assign/vec4 v000002c7ed979f80_0, 0;
    %pushi/vec4 1, 0, 1;
    %assign/vec4 v000002c7ed97a480_0, 0;
T_1.9 ;
    %jmp T_1.8;
T_1.7 ;
    %load/vec4 v000002c7ed97a2a0_0;
    %addi 1, 0, 16;
    %assign/vec4 v000002c7ed97a2a0_0, 0;
T_1.8 ;
T_1.5 ;
T_1.3 ;
T_1.1 ;
    %jmp T_1;
    .thread T_1;
    .scope S_000002c7ed920e90;
T_2 ;
    %wait E_000002c7ed9275f0;
    %load/vec4 v000002c7ed921200_0;
    %nor/r;
    %flag_set/vec4 8;
    %jmp/0xz  T_2.0, 8;
    %pushi/vec4 0, 0, 1;
    %assign/vec4 v000002c7ed8d2650_0, 0;
    %pushi/vec4 0, 0, 1;
    %assign/vec4 v000002c7ed921160_0, 0;
    %pushi/vec4 0, 0, 4;
    %assign/vec4 v000002c7ed919210_0, 0;
    %pushi/vec4 0, 0, 16;
    %assign/vec4 v000002c7ed90c590_0, 0;
    %jmp T_2.1;
T_2.0 ;
    %pushi/vec4 0, 0, 1;
    %assign/vec4 v000002c7ed8d2650_0, 0;
    %load/vec4 v000002c7ed921160_0;
    %nor/r;
    %flag_set/vec4 9;
    %flag_get/vec4 9;
    %jmp/0 T_2.4, 9;
    %load/vec4 v000002c7ed8d2510_0;
    %pad/u 32;
    %pushi/vec4 0, 0, 32;
    %cmp/e;
    %flag_get/vec4 4;
    %and;
T_2.4;
    %flag_set/vec4 8;
    %jmp/0xz  T_2.2, 8;
    %pushi/vec4 1, 0, 1;
    %assign/vec4 v000002c7ed921160_0, 0;
    %load/vec4 v000002c7ed919170_0;
    %ix/load 4, 1, 0;
    %flag_set/imm 4, 0;
    %shiftr 4;
    %assign/vec4 v000002c7ed90c590_0, 0;
    %pushi/vec4 0, 0, 4;
    %assign/vec4 v000002c7ed919210_0, 0;
    %jmp T_2.3;
T_2.2 ;
    %load/vec4 v000002c7ed921160_0;
    %flag_set/vec4 8;
    %jmp/0xz  T_2.5, 8;
    %load/vec4 v000002c7ed90c590_0;
    %pad/u 32;
    %load/vec4 v000002c7ed919170_0;
    %pad/u 32;
    %subi 1, 0, 32;
    %cmp/e;
    %jmp/0xz  T_2.7, 4;
    %pushi/vec4 0, 0, 16;
    %assign/vec4 v000002c7ed90c590_0, 0;
    %load/vec4 v000002c7ed8d2510_0;
    %ix/load 5, 0, 0;
    %ix/getv 4, v000002c7ed919210_0;
    %assign/vec4/off/d v000002c7ed9210c0_0, 4, 5;
    %load/vec4 v000002c7ed919210_0;
    %addi 1, 0, 4;
    %assign/vec4 v000002c7ed919210_0, 0;
    %load/vec4 v000002c7ed919210_0;
    %pad/u 32;
    %cmpi/e 7, 0, 32;
    %jmp/0xz  T_2.9, 4;
    %pushi/vec4 0, 0, 1;
    %assign/vec4 v000002c7ed921160_0, 0;
    %load/vec4 v000002c7ed9210c0_0;
    %assign/vec4 v000002c7ed8d25b0_0, 0;
    %pushi/vec4 1, 0, 1;
    %assign/vec4 v000002c7ed8d2650_0, 0;
T_2.9 ;
    %jmp T_2.8;
T_2.7 ;
    %load/vec4 v000002c7ed90c590_0;
    %addi 1, 0, 16;
    %assign/vec4 v000002c7ed90c590_0, 0;
T_2.8 ;
T_2.5 ;
T_2.3 ;
T_2.1 ;
    %jmp T_2;
    .thread T_2;
    .scope S_000002c7ed90c1c0;
T_3 ;
    %wait E_000002c7ed9275f0;
    %load/vec4 v000002c7ed97bd50_0;
    %nor/r;
    %flag_set/vec4 8;
    %jmp/0xz  T_3.0, 8;
    %pushi/vec4 0, 0, 1;
    %assign/vec4 v000002c7ed97be90_0, 0;
    %pushi/vec4 16, 0, 16;
    %assign/vec4 v000002c7ed97b490_0, 0;
    %pushi/vec4 0, 0, 1;
    %assign/vec4 v000002c7ed97abd0_0, 0;
    %pushi/vec4 0, 0, 1;
    %assign/vec4 v000002c7ed97b530_0, 0;
    %jmp T_3.1;
T_3.0 ;
    %pushi/vec4 0, 0, 1;
    %assign/vec4 v000002c7ed97abd0_0, 0;
    %load/vec4 v000002c7ed97bcb0_0;
    %flag_set/vec4 10;
    %flag_get/vec4 10;
    %jmp/0 T_3.5, 10;
    %load/vec4 v000002c7ed979a80_0;
    %and;
T_3.5;
    %flag_set/vec4 9;
    %flag_get/vec4 9;
    %jmp/0 T_3.4, 9;
    %load/vec4 v000002c7ed97bdf0_0;
    %and;
T_3.4;
    %flag_set/vec4 8;
    %jmp/0xz  T_3.2, 8;
    %load/vec4 v000002c7ed97a700_0;
    %dup/vec4;
    %pushi/vec4 0, 0, 8;
    %cmp/u;
    %jmp/1 T_3.6, 6;
    %dup/vec4;
    %pushi/vec4 4, 0, 8;
    %cmp/u;
    %jmp/1 T_3.7, 6;
    %dup/vec4;
    %pushi/vec4 8, 0, 8;
    %cmp/u;
    %jmp/1 T_3.8, 6;
    %jmp T_3.9;
T_3.6 ;
    %load/vec4 v000002c7ed97b0d0_0;
    %parti/s 1, 0, 2;
    %assign/vec4 v000002c7ed97be90_0, 0;
    %jmp T_3.9;
T_3.7 ;
    %load/vec4 v000002c7ed97b0d0_0;
    %parti/s 16, 0, 2;
    %assign/vec4 v000002c7ed97b490_0, 0;
    %jmp T_3.9;
T_3.8 ;
    %load/vec4 v000002c7ed97be90_0;
    %flag_set/vec4 9;
    %flag_get/vec4 9;
    %jmp/0 T_3.12, 9;
    %load/vec4 v000002c7ed97bf30_0;
    %nor/r;
    %and;
T_3.12;
    %flag_set/vec4 8;
    %jmp/0xz  T_3.10, 8;
    %pushi/vec4 1, 0, 1;
    %assign/vec4 v000002c7ed97abd0_0, 0;
T_3.10 ;
    %jmp T_3.9;
T_3.9 ;
    %pop/vec4 1;
T_3.2 ;
    %load/vec4 v000002c7ed97b8f0_0;
    %flag_set/vec4 8;
    %jmp/0xz  T_3.13, 8;
    %load/vec4 v000002c7ed97c750_0;
    %assign/vec4 v000002c7ed97c250_0, 0;
    %pushi/vec4 1, 0, 1;
    %assign/vec4 v000002c7ed97b530_0, 0;
T_3.13 ;
    %load/vec4 v000002c7ed97bcb0_0;
    %flag_set/vec4 11;
    %flag_get/vec4 11;
    %jmp/0 T_3.19, 11;
    %load/vec4 v000002c7ed979a80_0;
    %and;
T_3.19;
    %flag_set/vec4 10;
    %flag_get/vec4 10;
    %jmp/0 T_3.18, 10;
    %load/vec4 v000002c7ed97bdf0_0;
    %nor/r;
    %and;
T_3.18;
    %flag_set/vec4 9;
    %flag_get/vec4 9;
    %jmp/0 T_3.17, 9;
    %load/vec4 v000002c7ed97a700_0;
    %pushi/vec4 12, 0, 8;
    %cmp/e;
    %flag_get/vec4 4;
    %and;
T_3.17;
    %flag_set/vec4 8;
    %jmp/0xz  T_3.15, 8;
    %pushi/vec4 0, 0, 1;
    %assign/vec4 v000002c7ed97b530_0, 0;
T_3.15 ;
T_3.1 ;
    %jmp T_3;
    .thread T_3;
    .scope S_000002c7ed90c1c0;
T_4 ;
    %wait E_000002c7ed927570;
    %pushi/vec4 0, 0, 32;
    %store/vec4 v000002c7ed979da0_0, 0, 32;
    %load/vec4 v000002c7ed97bcb0_0;
    %flag_set/vec4 9;
    %flag_get/vec4 9;
    %jmp/0 T_4.2, 9;
    %load/vec4 v000002c7ed97bdf0_0;
    %nor/r;
    %and;
T_4.2;
    %flag_set/vec4 8;
    %jmp/0xz  T_4.0, 8;
    %load/vec4 v000002c7ed97a700_0;
    %dup/vec4;
    %pushi/vec4 12, 0, 8;
    %cmp/u;
    %jmp/1 T_4.3, 6;
    %dup/vec4;
    %pushi/vec4 16, 0, 8;
    %cmp/u;
    %jmp/1 T_4.4, 6;
    %jmp T_4.5;
T_4.3 ;
    %pushi/vec4 0, 0, 24;
    %load/vec4 v000002c7ed97c250_0;
    %concat/vec4; draw_concat_vec4
    %store/vec4 v000002c7ed979da0_0, 0, 32;
    %jmp T_4.5;
T_4.4 ;
    %pushi/vec4 0, 0, 30;
    %load/vec4 v000002c7ed97b530_0;
    %concat/vec4; draw_concat_vec4
    %load/vec4 v000002c7ed97bf30_0;
    %concat/vec4; draw_concat_vec4
    %store/vec4 v000002c7ed979da0_0, 0, 32;
    %jmp T_4.5;
T_4.5 ;
    %pop/vec4 1;
T_4.0 ;
    %jmp T_4;
    .thread T_4, $push;
    .scope S_000002c7ed918e50;
T_5 ;
    %pushi/vec4 0, 0, 1;
    %store/vec4 v000002c7ed97aa90_0, 0, 1;
    %pushi/vec4 1, 0, 1;
    %store/vec4 v000002c7ed97c390_0, 0, 1;
    %end;
    .thread T_5, $init;
    .scope S_000002c7ed918e50;
T_6 ;
    %delay 5000, 0;
    %load/vec4 v000002c7ed97aa90_0;
    %inv;
    %store/vec4 v000002c7ed97aa90_0, 0, 1;
    %jmp T_6;
    .thread T_6;
    .scope S_000002c7ed918e50;
T_7 ;
    %vpi_call/w 3 40 "$dumpfile", "dump.vcd" {0 0 0};
    %vpi_call/w 3 41 "$dumpvars", 32'sb00000000000000000000000000000000, S_000002c7ed918e50 {0 0 0};
    %pushi/vec4 0, 0, 1;
    %store/vec4 v000002c7ed97ad10_0, 0, 1;
    %delay 20000, 0;
    %pushi/vec4 1, 0, 1;
    %store/vec4 v000002c7ed97ad10_0, 0, 1;
    %pushi/vec4 0, 0, 8;
    %store/vec4 v000002c7ed8d2b90_0, 0, 8;
    %pushi/vec4 1, 0, 32;
    %store/vec4 v000002c7ed904730_0, 0, 32;
    %fork TD_tb_apb_uart.apb_write, S_000002c7ed918fe0;
    %join;
    %pushi/vec4 4, 0, 8;
    %store/vec4 v000002c7ed8d2b90_0, 0, 8;
    %pushi/vec4 16, 0, 32;
    %store/vec4 v000002c7ed904730_0, 0, 32;
    %fork TD_tb_apb_uart.apb_write, S_000002c7ed918fe0;
    %join;
    %pushi/vec4 8, 0, 8;
    %store/vec4 v000002c7ed8d2b90_0, 0, 8;
    %pushi/vec4 85, 0, 32;
    %store/vec4 v000002c7ed904730_0, 0, 32;
    %fork TD_tb_apb_uart.apb_write, S_000002c7ed918fe0;
    %join;
    %delay 2000000, 0;
    %vpi_call/w 3 51 "$finish" {0 0 0};
    %end;
    .thread T_7;
# The file index is used to find the file name in the following table.
:file_names 8;
    "N/A";
    "<interactive>";
    "-";
    "../tb/tb_apb_uart.sv";
    "../rtl/apb_uart.v";
    "../rtl/uart_top.v";
    "../rtl/uart_rx.v";
    "../rtl/uart_tx.v";
